d:\data\dropbox\helmut_dropbox\programme\vulkan\vulkanengine\vulkantest\debug\vc140.pdb
d:\data\dropbox\helmut_dropbox\programme\vulkan\vulkanengine\vulkantest\debug\vc140.idb
d:\data\dropbox\helmut_dropbox\programme\vulkan\vulkanengine\vulkantest\debug\main.obj
d:\data\dropbox\helmut_dropbox\programme\vulkan\vulkanengine\vulkantest\debug\veengine.obj
d:\data\dropbox\helmut_dropbox\programme\vulkan\vulkanengine\vulkantest\debug\verenderer.obj
d:\data\dropbox\helmut_dropbox\programme\vulkan\vulkanengine\vulkantest\debug\vewindow.obj
d:\data\dropbox\helmut_dropbox\programme\vulkan\vulkanengine\vulkantest\debug\verenderertutorial.obj
d:\data\dropbox\helmut_dropbox\programme\vulkan\vulkanengine\vulkantest\debug\veeventlistener.obj
d:\data\dropbox\helmut_dropbox\programme\vulkan\vulkanengine\vulkantest\debug\vewindowglfw.obj
d:\data\dropbox\helmut_dropbox\programme\vulkan\vulkanengine\vulkantest\debug\verendererforward.obj
d:\data\dropbox\helmut_dropbox\programme\vulkan\vulkanengine\vulkantest\debug\vescenemanager.obj
d:\data\dropbox\helmut_dropbox\programme\vulkan\vulkanengine\vulkantest\debug\vhbuffer.obj
d:\data\dropbox\helmut_dropbox\programme\vulkan\vulkanengine\vulkantest\debug\vhcommand.obj
d:\data\dropbox\helmut_dropbox\programme\vulkan\vulkanengine\vulkantest\debug\vhdevice.obj
d:\data\dropbox\helmut_dropbox\programme\vulkan\vulkanengine\vulkantest\debug\vhfile.obj
d:\data\dropbox\helmut_dropbox\programme\vulkan\vulkanengine\vulkantest\debug\vhmemory.obj
d:\data\dropbox\helmut_dropbox\programme\vulkan\vulkanengine\vulkantest\debug\vhrender.obj
d:\data\dropbox\helmut_dropbox\programme\vulkan\vulkanengine\vulkantest\debug\vhswapchain.obj
d:\data\dropbox\helmut_dropbox\programme\vulkan\vulkanengine\vulkantest\debug\veeventlistenerglfw.obj
d:\data\dropbox\helmut_dropbox\programme\vulkan\vulkanengine\debug\vulkanengine.exe
d:\data\dropbox\helmut_dropbox\programme\vulkan\vulkanengine\debug\vulkanengine.pdb
d:\data\dropbox\helmut_dropbox\programme\vulkan\vulkanengine\vulkantest\debug\vulkansupport.obj
d:\data\dropbox\helmut_dropbox\programme\vulkan\vulkanengine\vulkantest\debug\vulkanengine.tlog\cl.command.1.tlog
d:\data\dropbox\helmut_dropbox\programme\vulkan\vulkanengine\vulkantest\debug\vulkanengine.tlog\cl.read.1.tlog
d:\data\dropbox\helmut_dropbox\programme\vulkan\vulkanengine\vulkantest\debug\vulkanengine.tlog\cl.write.1.tlog
d:\data\dropbox\helmut_dropbox\programme\vulkan\vulkanengine\vulkantest\debug\vulkanengine.tlog\link.command.1.tlog
d:\data\dropbox\helmut_dropbox\programme\vulkan\vulkanengine\vulkantest\debug\vulkanengine.tlog\link.read.1.tlog
d:\data\dropbox\helmut_dropbox\programme\vulkan\vulkanengine\vulkantest\debug\vulkanengine.tlog\link.write.1.tlog
