d:\data\dropbox\helmut_dropbox\programme\vulkan\vulkanengine\vulkantest\x64\debug\vc140.pdb
d:\data\dropbox\helmut_dropbox\programme\vulkan\vulkanengine\vulkantest\x64\debug\vc140.idb
d:\data\dropbox\helmut_dropbox\programme\vulkan\vulkanengine\vulkantest\x64\debug\main.obj
d:\data\dropbox\helmut_dropbox\programme\vulkan\vulkanengine\vulkantest\x64\debug\veengine.obj
d:\data\dropbox\helmut_dropbox\programme\vulkan\vulkanengine\vulkantest\x64\debug\veeventlistener.obj
d:\data\dropbox\helmut_dropbox\programme\vulkan\vulkanengine\vulkantest\x64\debug\verenderer.obj
d:\data\dropbox\helmut_dropbox\programme\vulkan\vulkanengine\vulkantest\x64\debug\verendererforward.obj
d:\data\dropbox\helmut_dropbox\programme\vulkan\vulkanengine\vulkantest\x64\debug\vescenemanager.obj
d:\data\dropbox\helmut_dropbox\programme\vulkan\vulkanengine\vulkantest\x64\debug\vewindow.obj
d:\data\dropbox\helmut_dropbox\programme\vulkan\vulkanengine\vulkantest\x64\debug\verenderertutorial.obj
d:\data\dropbox\helmut_dropbox\programme\vulkan\vulkanengine\vulkantest\x64\debug\vewindowglfw.obj
d:\data\dropbox\helmut_dropbox\programme\vulkan\vulkanengine\vulkantest\x64\debug\vhbuffer.obj
d:\data\dropbox\helmut_dropbox\programme\vulkan\vulkanengine\vulkantest\x64\debug\vhcommand.obj
d:\data\dropbox\helmut_dropbox\programme\vulkan\vulkanengine\vulkantest\x64\debug\vhdevice.obj
d:\data\dropbox\helmut_dropbox\programme\vulkan\vulkanengine\vulkantest\x64\debug\vhfile.obj
d:\data\dropbox\helmut_dropbox\programme\vulkan\vulkanengine\vulkantest\x64\debug\vhmemory.obj
d:\data\dropbox\helmut_dropbox\programme\vulkan\vulkanengine\vulkantest\x64\debug\vhrender.obj
d:\data\dropbox\helmut_dropbox\programme\vulkan\vulkanengine\vulkantest\x64\debug\vhswapchain.obj
d:\data\dropbox\helmut_dropbox\programme\vulkan\vulkanengine\x64\debug\vulkanengine.exe
d:\data\dropbox\helmut_dropbox\programme\vulkan\vulkanengine\x64\debug\vulkanengine.pdb
d:\data\dropbox\helmut_dropbox\programme\vulkan\vulkanengine\vulkantest\x64\debug\vulkanengine.tlog\cl.command.1.tlog
d:\data\dropbox\helmut_dropbox\programme\vulkan\vulkanengine\vulkantest\x64\debug\vulkanengine.tlog\cl.read.1.tlog
d:\data\dropbox\helmut_dropbox\programme\vulkan\vulkanengine\vulkantest\x64\debug\vulkanengine.tlog\cl.write.1.tlog
d:\data\dropbox\helmut_dropbox\programme\vulkan\vulkanengine\vulkantest\x64\debug\vulkanengine.tlog\link.command.1.tlog
d:\data\dropbox\helmut_dropbox\programme\vulkan\vulkanengine\vulkantest\x64\debug\vulkanengine.tlog\link.read.1.tlog
d:\data\dropbox\helmut_dropbox\programme\vulkan\vulkanengine\vulkantest\x64\debug\vulkanengine.tlog\link.write.1.tlog
